2019-02-23T08:14:47+00:00 INFO Generating payment form for order 643. Notify URL: https://www.indigohomes.ph/wc-api/WC_Gateway_Paypal/
2019-02-23T08:14:47+00:00 INFO PayPal Request Args for order 643: Array
(
    [cmd] => _cart
    [business] => admin@indigohomes.ph
    [no_note] => 1
    [currency_code] => PHP
    [charset] => utf-8
    [rm] => 2
    [upload] => 1
    [return] => https://www.indigohomes.ph/checkout/order-received/643/?key=wc_order_ezvY0XUhTK0VX&utm_nooverride=1
    [cancel_return] => https://www.indigohomes.ph/cart/?cancel_order=true&order=wc_order_ezvY0XUhTK0VX&order_id=643&redirect&_wpnonce=5994179eae
    [page_style] => 
    [image_url] => 
    [paymentaction] => sale
    [bn] => WooThemes_Cart
    [invoice] => IH-643
    [custom] => {"order_id":643,"order_key":"wc_order_ezvY0XUhTK0VX"}
    [notify_url] => https://www.indigohomes.ph/wc-api/WC_Gateway_Paypal/
    [first_name] => ***
    [last_name] => ***
    [address1] => ***
    [address2] => ***
    [city] => ***
    [state] => ***
    [zip] => ***
    [country] => ***
    [email] => ***@***
    [night_phone_b] => ***
    [no_shipping] => 1
    [tax_cart] => 0.00
    [item_name_1] => 2 Months (Property title: weird)
    [quantity_1] => 1
    [amount_1] => 500
    [item_number_1] => 
)

