2019-02-24T08:11:27+00:00 INFO Generating payment form for order 750. Notify URL: https://www.indigohomes.ph/wc-api/WC_Gateway_Paypal/
2019-02-24T08:11:27+00:00 INFO PayPal Request Args for order 750: Array
(
    [cmd] => _cart
    [business] => admin@indigohomes.ph
    [no_note] => 1
    [currency_code] => PHP
    [charset] => utf-8
    [rm] => 2
    [upload] => 1
    [return] => https://www.indigohomes.ph/checkout/order-received/750/?key=wc_order_i78gcIP3kDsIU&utm_nooverride=1
    [cancel_return] => https://www.indigohomes.ph/cart/?cancel_order=true&order=wc_order_i78gcIP3kDsIU&order_id=750&redirect&_wpnonce=428b398227
    [page_style] => 
    [image_url] => 
    [paymentaction] => sale
    [invoice] => IH-750
    [custom] => {"order_id":750,"order_key":"wc_order_i78gcIP3kDsIU"}
    [notify_url] => https://www.indigohomes.ph/wc-api/WC_Gateway_Paypal/
    [first_name] => ***
    [last_name] => ***
    [address1] => ***
    [address2] => ***
    [city] => ***
    [state] => ***
    [zip] => ***
    [country] => ***
    [email] => ***@***
    [night_phone_b] => ***
    [no_shipping] => 1
    [tax_cart] => 0.00
    [item_name_1] => 2 Months (Property title: Test 3 Lorem Ipsum is simply dummy text of the printing and typesetting industry)
    [quantity_1] => 1
    [amount_1] => 500
    [item_number_1] => 
    [bn] => WooThemes_Cart
)

